Ride	Weather Diaries	All I Want	3	237	L	1500812596	
Ride	Weather Diaries	Cali	8	389	L	1500812834	
Ride	Weather Diaries	Charm Assault	2	252	L	1500813223	
Ride	Weather Diaries	Home Is A Feeling	4	199	L	1500813475	
Ride	Weather Diaries	Integration Tape	9	146	L	1500813675	
Ride	Weather Diaries	Lannoy Point	1	358	L	1500813821	
Ride	Weather Diaries	Lateral Alice	7	175	L	1500814182	
Ride	Weather Diaries	Rocket Silver Symphony	6	324	L	1500814358	
Ride	Weather Diaries	Weather Diaries	5	419	L	1500814683	
Ride	Weather Diaries	All I Want	3	237	L	1500815102	
Ride	Weather Diaries	Cali	8	389	L	1500815339	
Ride	Weather Diaries	Charm Assault	2	252	L	1500815728	
Ride	Weather Diaries	Home Is A Feeling	4	199	L	1500815981	
Ride	Weather Diaries	Integration Tape	9	146	L	1500816181	
Ride	Weather Diaries	Lannoy Point	1	358	L	1500816327	
Ride	Weather Diaries	Lateral Alice	7	175	L	1500816685	
Ride	Weather Diaries	Rocket Silver Symphony	6	324	L	1500816861	
Ride	Weather Diaries	Weather Diaries	5	419	L	1500817186	
Ride	Weather Diaries	All I Want	3	237	L	1500817605	
Ride	Weather Diaries	Cali	8	389	L	1500817843	
Ride	Weather Diaries	Charm Assault	2	252	L	1500818232	
Ride	Weather Diaries	Home Is A Feeling	4	199	L	1500818484	
Ride	Weather Diaries	Integration Tape	9	146	L	1500818684	
Ride	Weather Diaries	Lannoy Point	1	358	L	1500818830	
Ride	Weather Diaries	Lateral Alice	7	175	L	1500819189	
Ride	Weather Diaries	Rocket Silver Symphony	6	324	L	1500819364	
Ride	Weather Diaries	Weather Diaries	5	419	L	1500819689	
Ride	Weather Diaries	All I Want	3	237	L	1500820109	
Ride	Weather Diaries	Cali	8	389	L	1500820346	
Ride	Weather Diaries	Charm Assault	2	252	L	1500820735	
Ride	Weather Diaries	Home Is A Feeling	4	199	S	1500820987	
Ride	Weather Diaries	Home Is A Feeling	4	199	S	1500880753	
New Order	Technique	All The Way	2	195	L	1501012961	
New Order	Technique	Dream attack	9	306	L	1501013157	
New Order	Technique	Fine time	1	271	L	1501013463	
New Order	Technique	Guilty Partner	5	280	L	1501013735	
New Order	Technique	Love Less	3	181	L	1501014014	
New Order	Technique	Mr disco	7	257	L	1501014196	
New Order	Technique	Round And Round	4	265	L	1501014453	
New Order	Technique	Run	6	260	L	1501014718	
New Order	Technique	Vanishing point	8	309	L	1501014979	
New Order	Technique	All The Way	2	195	L	1501015288	
New Order	Technique	Dream attack	9	306	L	1501015484	
New Order	Technique	Fine time	1	271	L	1501015790	
New Order	Technique	Guilty Partner	5	280	L	1501016061	
New Order	Technique	Love Less	3	181	L	1501016341	
New Order	Technique	Mr disco	7	257	L	1501016522	
New Order	Technique	Round And Round	4	265	L	1501016779	
New Order	Technique	Run	6	260	L	1501017045	
New Order	Technique	Vanishing point	8	309	L	1501017306	
New Order	Technique	All The Way	2	195	L	1501017615	
New Order	Technique	Dream attack	9	306	L	1501017811	
New Order	Technique	Fine time	1	271	L	1501018117	
New Order	Technique	Guilty Partner	5	280	L	1501018388	
New Order	Technique	Love Less	3	181	L	1501018668	
New Order	Technique	Mr disco	7	257	L	1501018849	
New Order	Technique	Round And Round	4	265	L	1501019106	
New Order	Technique	Run	6	260	L	1501019372	
New Order	Technique	Vanishing point	8	309	L	1501019632	
New Order	Technique	All The Way	2	195	L	1501019942	
New Order	Technique	Dream attack	9	306	L	1501020137	
New Order	Technique	Fine time	1	271	L	1501020443	
New Order	Technique	Guilty Partner	5	280	L	1501020714	
New Order	Technique	Love Less	3	181	L	1501020994	
New Order	Technique	Mr disco	7	257	L	1501021175	
New Order	Technique	Round And Round	4	265	L	1501021433	
New Order	Technique	Run	6	260	L	1501021698	
New Order	Technique	Vanishing point	8	309	L	1501021959	
New Order	Technique	All The Way	2	195	L	1501022268	
New Order	Technique	Dream attack	9	306	L	1501022464	
New Order	Technique	Fine time	1	271	L	1501022770	
New Order	Technique	Guilty Partner	5	280	L	1501023041	
New Order	Technique	Love Less	3	181	L	1501023321	
New Order	Technique	Mr disco	7	257	L	1501023502	
New Order	Technique	Round And Round	4	265	L	1501023759	
New Order	Technique	Run	6	260	L	1501024025	
New Order	Technique	Vanishing point	8	309	L	1501024285	
New Order	Technique	All The Way	2	195	L	1501024595	
New Order	Technique	Dream attack	9	306	L	1501024791	
New Order	Technique	Fine time	1	271	L	1501025096	
New Order	Technique	Guilty Partner	5	280	L	1501025368	
New Order	Technique	Love Less	3	181	L	1501025647	
New Order	Technique	Mr disco	7	257	L	1501025829	
New Order	Technique	Round And Round	4	265	L	1501026086	
New Order	Technique	Run	6	260	L	1501026351	
New Order	Technique	Vanishing point	8	309	L	1501026612	
New Order	Technique	All The Way	2	195	L	1501026921	
New Order	Technique	Dream attack	9	306	L	1501027117	
New Order	Technique	Fine time	1	271	L	1501027423	
New Order	Technique	Guilty Partner	5	280	L	1501027694	
New Order	Technique	Love Less	3	181	L	1501027974	
New Order	Technique	Mr disco	7	257	L	1501028155	
New Order	Technique	Round And Round	4	265	L	1501028412	
New Order	Technique	Run	6	260	L	1501028678	
New Order	Technique	Vanishing point	8	309	L	1501028939	
New Order	Technique	All The Way	2	195	L	1501029248	
New Order	Technique	Dream attack	9	306	L	1501029444	
New Order	Technique	Fine time	1	271	L	1501029750	
New Order	Technique	Guilty Partner	5	280	L	1501030021	
New Order	Technique	Love Less	3	181	L	1501030301	
New Order	Technique	Mr disco	7	257	L	1501030482	
New Order	Technique	Round And Round	4	265	L	1501030739	
New Order	Technique	Run	6	260	L	1501031005	
New Order	Technique	Vanishing point	8	309	L	1501031265	
New Order	Technique	All The Way	2	195	L	1501031575	
New Order	Technique	Dream attack	9	306	L	1501031770	
New Order	Technique	Fine time	1	271	L	1501032076	
New Order	Technique	Guilty Partner	5	280	L	1501032347	
New Order	Technique	Love Less	3	181	L	1501032627	
New Order	Technique	Mr disco	7	257	L	1501032809	
New Order	Technique	Round And Round	4	265	L	1501033066	
New Order	Technique	Run	6	260	L	1501033331	
New Order	Technique	Vanishing point	8	309	L	1501033592	
New Order	Technique	All The Way	2	195	L	1501033901	
New Order	Technique	Dream attack	9	306	L	1501034097	
New Order	Technique	Fine time	1	271	L	1501034403	
New Order	Technique	Guilty Partner	5	280	L	1501034674	
New Order	Technique	Love Less	3	181	L	1501034954	
New Order	Technique	Mr disco	7	257	L	1501035135	
New Order	Technique	Round And Round	4	265	L	1501035392	
New Order	Technique	Run	6	260	L	1501035658	
New Order	Technique	Vanishing point	8	309	L	1501035918	
New Order	Technique	All The Way	2	195	L	1501036228	
New Order	Technique	Dream attack	9	306	L	1501036424	
New Order	Technique	Fine time	1	271	L	1501036729	
New Order	Technique	Guilty Partner	5	280	L	1501037001	
New Order	Technique	Love Less	3	181	L	1501037281	
New Order	Technique	Mr disco	7	257	L	1501037462	
New Order	Technique	Round And Round	4	265	L	1501037719	
New Order	Technique	Run	6	260	L	1501037984	
New Order	Technique	Vanishing point	8	309	L	1501038245	
New Order	Technique	All The Way	2	195	L	1501038554	
New Order	Technique	Dream attack	9	306	L	1501038750	
New Order	Technique	Fine time	1	271	L	1501039056	
New Order	Technique	Guilty Partner	5	280	L	1501039327	
New Order	Technique	Love Less	3	181	L	1501039607	
New Order	Technique	Mr disco	7	257	L	1501039788	
New Order	Technique	Round And Round	4	265	L	1501040046	
New Order	Technique	Run	6	260	L	1501040311	
New Order	Technique	Vanishing point	8	309	L	1501040572	
New Order	Technique	All The Way	2	195	L	1501040881	
New Order	Technique	Dream attack	9	306	L	1501041077	
New Order	Technique	Fine time	1	271	L	1501041383	
New Order	Technique	Guilty Partner	5	280	L	1501041654	
New Order	Technique	Love Less	3	181	L	1501041934	
New Order	Technique	Mr disco	7	257	L	1501042115	
New Order	Technique	Round And Round	4	265	L	1501042372	
New Order	Technique	Run	6	260	L	1501042638	
New Order	Technique	Vanishing point	8	309	L	1501042898	
New Order	Technique	All The Way	2	195	L	1501043208	
New Order	Technique	Dream attack	9	306	L	1501043403	
New Order	Technique	Fine time	1	271	L	1501043709	
New Order	Technique	Guilty Partner	5	280	L	1501043980	
New Order	Technique	Love Less	3	181	L	1501044260	
New Order	Technique	Mr disco	7	257	L	1501044442	
New Order	Technique	Round And Round	4	265	L	1501044699	
New Order	Technique	Run	6	260	L	1501044964	
New Order	Technique	Vanishing point	8	309	L	1501045225	
New Order	Technique	All The Way	2	195	L	1501045534	
New Order	Technique	Dream attack	9	306	L	1501045730	
New Order	Technique	Fine time	1	271	L	1501046036	
New Order	Technique	Guilty Partner	5	280	L	1501046307	
New Order	Technique	Love Less	3	181	L	1501046587	
New Order	Technique	Mr disco	7	257	L	1501046768	
New Order	Technique	Round And Round	4	265	L	1501047025	
New Order	Technique	Run	6	260	L	1501047291	
New Order	Technique	Vanishing point	8	309	L	1501047552	
New Order	Technique	All The Way	2	195	L	1501047861	
New Order	Technique	Dream attack	9	306	L	1501048057	
New Order	Technique	Fine time	1	271	L	1501048362	
New Order	Technique	Guilty Partner	5	280	L	1501048634	
New Order	Technique	Love Less	3	181	L	1501048914	
New Order	Technique	Mr disco	7	257	L	1501049095	
New Order	Technique	Round And Round	4	265	L	1501049352	
New Order	Technique	Run	6	260	L	1501049617	
New Order	Technique	Vanishing point	8	309	L	1501049878	
New Order	Technique	All The Way	2	195	L	1501050187	
New Order	Technique	Dream attack	9	306	L	1501050383	
New Order	Technique	Fine time	1	271	L	1501050689	
New Order	Technique	Guilty Partner	5	280	L	1501050960	
New Order	Technique	Love Less	3	181	L	1501051240	
New Order	Technique	Mr disco	7	257	L	1501051421	
New Order	Technique	Round And Round	4	265	L	1501051679	
New Order	Technique	Run	6	260	L	1501051944	
New Order	Technique	Vanishing point	8	309	L	1501052205	
New Order	Technique	All The Way	2	195	L	1501052514	
New Order	Technique	Dream attack	9	306	L	1501052710	
New Order	Technique	Fine time	1	271	L	1501053016	
New Order	Technique	Guilty Partner	5	280	L	1501053287	
New Order	Technique	Love Less	3	181	L	1501053567	
New Order	Technique	Mr disco	7	257	L	1501053748	
New Order	Technique	Round And Round	4	265	L	1501054005	
New Order	Technique	Run	6	260	L	1501054271	
New Order	Technique	Vanishing point	8	309	L	1501054531	
New Order	Technique	All The Way	2	195	S	1501054841	
Ride	Weather Diaries	All I Want	3	237	L	1501972449	
Ride	Weather Diaries	Cali	8	389	L	1501972687	
Ride	Weather Diaries	Charm Assault	2	252	L	1501973076	
Ride	Weather Diaries	Home Is A Feeling	4	199	L	1501973328	
Ride	Weather Diaries	Integration Tape	9	146	L	1501973528	
Ride	Weather Diaries	Lannoy Point	1	358	L	1501973674	
Ride	Weather Diaries	Lateral Alice	7	175	L	1501974032	
Ride	Weather Diaries	Rocket Silver Symphony	6	324	L	1501974208	
Ride	Weather Diaries	Weather Diaries	5	419	L	1501974533	
Ride	Weather Diaries	All I Want	3	237	L	1501974953	
Ride	Weather Diaries	Cali	8	389	L	1501975190	
Ride	Weather Diaries	Charm Assault	2	252	L	1501975579	
Ride	Weather Diaries	Home Is A Feeling	4	199	L	1501975831	
Ride	Weather Diaries	Integration Tape	9	146	L	1501976031	
Ride	Weather Diaries	Lannoy Point	1	358	L	1501976177	
Ride	Weather Diaries	Lateral Alice	7	175	L	1501976536	
Ride	Weather Diaries	Rocket Silver Symphony	6	324	L	1501976711	
Ride	Weather Diaries	Weather Diaries	5	419	L	1501977036	
Ride	Weather Diaries	All I Want	3	237	L	1501977456	
Ride	Weather Diaries	Cali	8	389	L	1501977693	
Ride	Weather Diaries	Charm Assault	2	252	L	1501978082	
Ride	Weather Diaries	Home Is A Feeling	4	199	L	1501978334	
Ride	Weather Diaries	Integration Tape	9	146	L	1501978534	
Ride	Weather Diaries	Lannoy Point	1	358	L	1501978680	
Ride	Weather Diaries	Lateral Alice	7	175	L	1501979039	
Ride	Weather Diaries	Rocket Silver Symphony	6	324	L	1501979214	
Ride	Weather Diaries	Weather Diaries	5	419	L	1501979539	
Ride	Weather Diaries	All I Want	3	237	L	1501979959	
Ride	Weather Diaries	Cali	8	389	L	1501980196	
Ride	Weather Diaries	Charm Assault	2	252	L	1501980585	
Ride	Weather Diaries	Home Is A Feeling	4	199	L	1501980838	
Ride	Weather Diaries	Integration Tape	9	146	L	1501981037	
Ride	Weather Diaries	Lannoy Point	1	358	L	1501981183	
Ride	Weather Diaries	Lateral Alice	7	175	L	1501981542	
Ride	Weather Diaries	Rocket Silver Symphony	6	324	L	1501981717	
Ride	Weather Diaries	Weather Diaries	5	419	L	1501982042	
Ride	Weather Diaries	All I Want	3	237	L	1501982462	
Ride	Weather Diaries	Cali	8	389	L	1501982699	
Ride	Weather Diaries	Charm Assault	2	252	L	1501983088	
Ride	Weather Diaries	Home Is A Feeling	4	199	L	1501983341	
Ride	Weather Diaries	Integration Tape	9	146	L	1501983540	
Ride	Weather Diaries	Lannoy Point	1	358	L	1501983687	
Ride	Weather Diaries	Lateral Alice	7	175	L	1501984045	
Ride	Weather Diaries	Rocket Silver Symphony	6	324	L	1501984221	
Ride	Weather Diaries	Weather Diaries	5	419	L	1501984545	
Ride	Weather Diaries	All I Want	3	237	L	1501984965	
Ride	Weather Diaries	Cali	8	389	L	1501985202	
Ride	Weather Diaries	Charm Assault	2	252	L	1501985591	
Ride	Weather Diaries	Home Is A Feeling	4	199	L	1501985844	
Ride	Weather Diaries	Integration Tape	9	146	L	1501986043	
Ride	Weather Diaries	Lannoy Point	1	358	L	1501986190	
Ride	Weather Diaries	Lateral Alice	7	175	L	1501986548	
Ride	Weather Diaries	Rocket Silver Symphony	6	324	L	1501986724	
